build/app/outputs/mapping/release/mapping.txt
# compiler: R8
# compiler_version: 1.5.64
# min_api: 16
# pg_map_id: c265520
...
com.google.firebase.database.core.operation.Merge -> com.google.firebase.database.v.f0.c:
    com.google.firebase.database.core.CompoundWrite children -> d
    com.google.firebase.database.core.operation.Operation operationForChild(com.google.firebase.database.snapshot.ChildKey) -> a
    com.google.firebase.database.core.CompoundWrite getChildren() -> d
com.google.firebase.database.core.operation.Operation -> com.google.firebase.database.v.f0.d:
    com.google.firebase.database.core.operation.OperationSource source -> b
    com.google.firebase.database.core.Path path -> c
    com.google.firebase.database.core.operation.Operation$OperationType type -> a
    com.google.firebase.database.core.Path getPath() -> a
    com.google.firebase.database.core.operation.Operation operationForChild(com.google.firebase.database.snapshot.ChildKey) -> a
    com.google.firebase.database.core.operation.OperationSource getSource() -> b
    com.google.firebase.database.core.operation.Operation$OperationType getType() -> c
com.google.firebase.database.core.operation.Operation$OperationType -> com.google.firebase.database.v.f0.d$a:
    com.google.firebase.database.core.operation.Operation$OperationType AckUserWrite -> d
    com.google.firebase.database.core.operation.Operation$OperationType Merge -> c
    com.google.firebase.database.core.operation.Operation$OperationType ListenComplete -> e
    com.google.firebase.database.core.operation.Operation$OperationType[] $VALUES -> f
    com.google.firebase.database.core.operation.Operation$OperationType Overwrite -> b
com.google.firebase.database.core.operation.OperationSource -> com.google.firebase.database.v.f0.e:
    com.google.firebase.database.core.view.QueryParams queryParams -> b
    boolean $assertionsDisabled -> f
    com.google.firebase.database.core.operation.OperationSource USER -> d
    com.google.firebase.database.core.operation.OperationSource SERVER -> e
    com.google.firebase.database.core.operation.OperationSource$Source source -> a
    boolean tagged -> c
    com.google.firebase.database.core.operation.OperationSource forServerTaggedQuery(com.google.firebase.database.core.view.QueryParams) -> a
    com.google.firebase.database.core.view.QueryParams getQueryParams() -> a
    boolean isFromServer() -> b
    boolean isFromUser() -> c
    boolean isTagged() -> d
com.google.firebase.database.core.operation.OperationSource$Source -> com.google.firebase.database.v.f0.e$a:
    com.google.firebase.database.core.operation.OperationSource$Source Server -> c
    com.google.firebase.database.core.operation.OperationSource$Source User -> b
    com.google.firebase.database.core.operation.OperationSource$Source[] $VALUES -> d
com.google.firebase.database.core.operation.Overwrite -> com.google.firebase.database.v.f0.f:
    com.google.firebase.database.snapshot.Node snapshot -> d
    com.google.firebase.database.core.operation.Operation operationForChild(com.google.firebase.database.snapshot.ChildKey) -> a
    com.google.firebase.database.snapshot.Node getSnapshot() -> d
com.google.firebase.database.core.persistence.CachePolicy -> com.google.firebase.database.v.g0.a:
    long getMaxNumberOfQueriesToKeep() -> a
    boolean shouldCheckCacheSize(long) -> a
    boolean shouldPrune(long,long) -> a
    float getPercentOfQueriesToPruneAtOnce() -> b
com.google.firebase.database.core.persistence.CachePolicy$1 -> com.google.firebase.database.v.g0.a$a:
    long getMaxNumberOfQueriesToKeep() -> a
    boolean shouldCheckCacheSize(long) -> a
    boolean shouldPrune(long,long) -> a
    float getPercentOfQueriesToPruneAtOnce() -> b